<?xml version="1.0" encoding="UTF-8"?>
<beans xmlns="http://www.springframework.org/schema/beans"
       xmlns:xsi="http://www.w3.org/2001/XMLSchema-instance"
       xsi:schemaLocation="http://www.springframework.org/schema/beans
       http://www.springframework.org/schema/beans/spring-beans.xsd">

    <import resource="classpath*:test-spring-db.xml"/>

    <bean class="org.springframework.beans.factory.config.PropertyPlaceholderConfigurer">
        <property name="locations">
            <list>
                <value>classpath:app.properties</value>
                <value>classpath:database.properties</value>
            </list>
        </property>
    </bean>

    <bean id="userDao" class="com.epam.brest.course2015.dao.UserDaoImpl">
        <constructor-arg ref="dataSource"/>
    </bean>

    <bean id="userService" class="com.epam.brest.course2015.service.UserServiceImpl">
        <property name="userDao" ref="userDao"/>
    </bean>

    <bean id="transactionDao" class="com.epam.brest.course2015.dao.TransactionDaoImpl">
        <constructor-arg ref="dataSource"/>
    </bean>

    <bean id="transactionService" class="com.epam.brest.course2015.service.TransactionServiceImpl">
        <property name="transactionDao" ref="transactionDao"/>
    </bean>

    <bean id="checkDao" class="com.epam.brest.course2015.dao.CheckDaoImpl">
        <constructor-arg ref="dataSource"/>
    </bean>

    <bean id="checkService" class="com.epam.brest.course2015.service.CheckServiceImpl">
        <property name="checkDao" ref="checkDao"/>
    </bean>

</beans>